{"C:\\projects\\react-library-boilerplate\\src\\MyComponent\\index.tsx": {"path":"C:\\projects\\react-library-boilerplate\\src\\MyComponent\\index.tsx","statementMap":{"0":{"start":{"line":1,"column":0},"end":{"line":1,"column":45}},"1":{"start":{"line":2,"column":0},"end":{"line":2,"column":35}},"2":{"start":{"line":3,"column":0},"end":{"line":3,"column":0}},"3":{"start":{"line":4,"column":0},"end":{"line":4,"column":28}},"4":{"start":{"line":5,"column":0},"end":{"line":5,"column":51}},"5":{"start":{"line":6,"column":0},"end":{"line":6,"column":23}},"6":{"start":{"line":7,"column":0},"end":{"line":7,"column":1}},"7":{"start":{"line":8,"column":0},"end":{"line":8,"column":0}},"8":{"start":{"line":9,"column":0},"end":{"line":9,"column":97}},"9":{"start":{"line":10,"column":0},"end":{"line":10,"column":69}},"10":{"start":{"line":11,"column":0},"end":{"line":11,"column":32}},"11":{"start":{"line":12,"column":0},"end":{"line":12,"column":2}},"12":{"start":{"line":13,"column":0},"end":{"line":13,"column":0}},"13":{"start":{"line":14,"column":0},"end":{"line":14,"column":25}},"14":{"start":{"line":15,"column":0},"end":{"line":15,"column":30}},"15":{"start":{"line":16,"column":0},"end":{"line":16,"column":2}},"16":{"start":{"line":17,"column":0},"end":{"line":17,"column":0}},"17":{"start":{"line":18,"column":0},"end":{"line":18,"column":27}}},"s":{"0":1,"1":1,"2":1,"3":1,"4":1,"5":1,"6":1,"7":1,"8":1,"9":1,"10":5,"11":5,"12":1,"13":1,"14":1,"15":1,"16":1,"17":1},"branchMap":{"0":{"type":"branch","line":18,"loc":{"start":{"line":18,"column":27},"end":{"line":18,"column":27}},"locations":[{"start":{"line":18,"column":27},"end":{"line":18,"column":27}}]},"1":{"type":"branch","line":18,"loc":{"start":{"line":18,"column":27},"end":{"line":18,"column":27}},"locations":[{"start":{"line":18,"column":27},"end":{"line":18,"column":27}}]},"2":{"type":"branch","line":18,"loc":{"start":{"line":18,"column":27},"end":{"line":18,"column":27}},"locations":[{"start":{"line":18,"column":27},"end":{"line":18,"column":27}}]},"3":{"type":"branch","line":10,"loc":{"start":{"line":10,"column":42},"end":{"line":12,"column":2}},"locations":[{"start":{"line":10,"column":42},"end":{"line":12,"column":2}}]},"4":{"type":"branch","line":10,"loc":{"start":{"line":10,"column":51},"end":{"line":10,"column":61}},"locations":[{"start":{"line":10,"column":51},"end":{"line":10,"column":61}}]},"5":{"type":"branch","line":10,"loc":{"start":{"line":10,"column":61},"end":{"line":10,"column":63}},"locations":[{"start":{"line":10,"column":61},"end":{"line":10,"column":63}}]}},"b":{"0":[1],"1":[2],"2":[0],"3":[5],"4":[2],"5":[3]},"fnMap":{"0":{"name":"__importDefault","decl":{"start":{"line":18,"column":27},"end":{"line":18,"column":27}},"loc":{"start":{"line":18,"column":27},"end":{"line":18,"column":27}},"line":18},"1":{"name":"MyComponent","decl":{"start":{"line":10,"column":42},"end":{"line":12,"column":2}},"loc":{"start":{"line":10,"column":42},"end":{"line":12,"column":2}},"line":10}},"f":{"0":2,"1":5}}
}
